<?xml version="1.0" encoding="UTF-8"?>
<!-- Generated by org.testng.reporters.JUnitReportReporter -->
<testsuite hostname="DESKTOP-ATIUNEE" failures="0" tests="3" name="tests.ContactUsTest" time="50.139" errors="0" timestamp="2025-09-14T17:17:57 IST" skipped="0">
  <testcase classname="tests.ContactUsTest" name="testContactUs" time="30.644"/>
  <testcase classname="tests.ContactUsTest" name="testContactUs" time="7.109"/>
  <testcase classname="tests.ContactUsTest" name="testContactUs" time="12.386"/>
</testsuite> <!-- tests.ContactUsTest -->
