<?xml version="1.0" encoding="UTF-8"?>
<!-- Generated by org.testng.reporters.JUnitReportReporter -->
<testsuite hostname="DESKTOP-ATIUNEE" failures="0" tests="3" name="tests.SignUpTest" time="54.083" errors="0" timestamp="2025-09-14T17:17:57 IST" skipped="0">
  <testcase classname="tests.SignUpTest" name="testUserRegistrationFlow" time="16.177"/>
  <testcase classname="tests.SignUpTest" name="testUserRegistrationFlow" time="21.035"/>
  <testcase classname="tests.SignUpTest" name="testUserRegistrationFlow" time="16.871"/>
</testsuite> <!-- tests.SignUpTest -->
