<?xml version="1.0" encoding="UTF-8"?>
<!-- Generated by org.testng.reporters.JUnitReportReporter -->
<testsuite hostname="DESKTOP-ATIUNEE" failures="0" tests="2" name="tests.LoginTest" time="21.742" errors="0" timestamp="2025-09-14T17:17:57 IST" skipped="0">
  <testcase classname="tests.LoginTest" name="testLogin" time="9.247"/>
  <testcase classname="tests.LoginTest" name="testLogin" time="12.495"/>
</testsuite> <!-- tests.LoginTest -->
