<?xml version="1.0" encoding="UTF-8"?>
<!-- Generated by org.testng.reporters.JUnitReportReporter -->
<testsuite hostname="DESKTOP-ATIUNEE" failures="0" tests="1" name="tests.SubscriptionTest" time="3.595" errors="0" timestamp="2025-09-14T17:17:57 IST" skipped="0">
  <testcase classname="tests.SubscriptionTest" name="testSubscription" time="3.595"/>
</testsuite> <!-- tests.SubscriptionTest -->
