<?xml version="1.0" encoding="UTF-8"?>
<!-- Generated by org.testng.reporters.JUnitReportReporter -->
<testsuite hostname="DESKTOP-ATIUNEE" failures="0" tests="1" name="tests.TestCasesTest" time="4.654" errors="0" timestamp="2025-09-14T17:17:57 IST" skipped="0">
  <testcase classname="tests.TestCasesTest" name="testTestCases" time="4.654"/>
</testsuite> <!-- tests.TestCasesTest -->
