<?xml version="1.0" encoding="UTF-8"?>
<!-- Generated by org.testng.reporters.JUnitReportReporter -->
<testsuite hostname="DESKTOP-ATIUNEE" failures="0" tests="1" name="tests.ProductDetailsTest" time="8.491" errors="0" timestamp="2025-09-14T17:17:57 IST" skipped="0">
  <testcase classname="tests.ProductDetailsTest" name="testProductTest" time="8.491"/>
</testsuite> <!-- tests.ProductDetailsTest -->
