<?xml version="1.0" encoding="UTF-8"?>
<!-- Generated by org.testng.reporters.JUnitReportReporter -->
<testsuite hostname="DESKTOP-ATIUNEE" failures="0" tests="2" name="tests.SearchProductTest" time="15.528" errors="0" timestamp="2025-09-14T17:17:57 IST" skipped="0">
  <testcase classname="tests.SearchProductTest" name="testSearchProduct" time="7.659"/>
  <testcase classname="tests.SearchProductTest" name="testSearchProduct" time="7.869"/>
</testsuite> <!-- tests.SearchProductTest -->
