<?xml version="1.0" encoding="UTF-8"?>
<!-- Generated by org.testng.reporters.JUnitReportReporter -->
<testsuite hostname="DESKTOP-ATIUNEE" failures="0" tests="1" name="tests.LoginwithInvalidCredantials" time="5.518" errors="0" timestamp="2025-09-14T17:17:57 IST" skipped="0">
  <testcase classname="tests.LoginwithInvalidCredantials" name="testLoginWithInvalidData" time="5.518"/>
</testsuite> <!-- tests.LoginwithInvalidCredantials -->
